Arguments: 
  /usr/local/bin/node /usr/local/Cellar/yarn/0.27.5_1/libexec/bin/yarn.js start

PATH: 
  /Users/gabrielrojas-westall/.rvm/gems/ruby-2.4.1/bin:/Users/gabrielrojas-westall/.rvm/gems/ruby-2.4.1@global/bin:/Users/gabrielrojas-westall/.rvm/rubies/ruby-2.4.1/bin:/Users/gabrielrojas-westall/.rbenv/shims:/Library/Frameworks/Python.framework/Versions/3.6/bin:/usr/local/bin:/usr/bin:/bin:/usr/sbin:/sbin:/opt/X11/bin:/Applications/Wireshark.app/Contents/MacOS:/Applications/Postgres.app/Contents/Versions/latest/bin:/Applications/Postgres.app/Contents/Versions/10/bin/:/Users/gabrielrojas-westall/.rvm/bin

Yarn version: 
  0.27.5

Node version: 
  9.6.1

Platform: 
  darwin x64

npm manifest: 
  {
    "name": "nu-worldcup-react",
    "version": "1.0.0",
    "description": "The React Version of the NU World Cup website",
    "author": "Gabe Rojas-Westall",
    "main": "app.js",
    "scripts": {
      "start": "node app.js",
      "dev": "node app.js --dev",
    },
    
    "engines": {
      "node": ">=4.0.0"
    },
    "dependencies": {
      "mongoose": "^5.0.11"
    },
    "homepage": "https://nuworldcup.com",
    "repository": {
      "type": "git",
      "url": "https://github.com/rojaswestall/nuworldcup-react.git"
    }
  }

yarn manifest: 
  No manifest

Lockfile: 
  # THIS IS AN AUTOGENERATED FILE. DO NOT EDIT THIS FILE DIRECTLY.
  # yarn lockfile v1
  
  
  balanced-match@^1.0.0:
    version "1.0.0"
    resolved "https://registry.yarnpkg.com/balanced-match/-/balanced-match-1.0.0.tgz#89b4d199ab2bee49de164ea02b89ce462d71b767"
  
  brace-expansion@^1.1.7:
    version "1.1.11"
    resolved "https://registry.yarnpkg.com/brace-expansion/-/brace-expansion-1.1.11.tgz#3c7fcbf529d87226f3d2f52b966ff5271eb441dd"
    dependencies:
      balanced-match "^1.0.0"
      concat-map "0.0.1"
  
  commander@2.13.0:
    version "2.13.0"
    resolved "https://registry.yarnpkg.com/commander/-/commander-2.13.0.tgz#6964bca67685df7c1f1430c584f07d7597885b9c"
  
  concat-map@0.0.1:
    version "0.0.1"
    resolved "https://registry.yarnpkg.com/concat-map/-/concat-map-0.0.1.tgz#d8a96bd77fd68df7793a73036a3ba0d5405d477b"
  
  ejs@2.5.7:
    version "2.5.7"
    resolved "https://registry.yarnpkg.com/ejs/-/ejs-2.5.7.tgz#cc872c168880ae3c7189762fd5ffc00896c9518a"
  
  express-generator@^4.16.0:
    version "4.16.0"
    resolved "https://registry.yarnpkg.com/express-generator/-/express-generator-4.16.0.tgz#501f5f0a8b6087f122cdd3ebe183320649db4622"
    dependencies:
      commander "2.13.0"
      ejs "2.5.7"
      minimatch "3.0.4"
      mkdirp "0.5.1"
      sorted-object "2.0.1"
  
  minimatch@3.0.4:
    version "3.0.4"
    resolved "https://registry.yarnpkg.com/minimatch/-/minimatch-3.0.4.tgz#5166e286457f03306064be5497e8dbb0c3d32083"
    dependencies:
      brace-expansion "^1.1.7"
  
  minimist@0.0.8:
    version "0.0.8"
    resolved "https://registry.yarnpkg.com/minimist/-/minimist-0.0.8.tgz#857fcabfc3397d2625b8228262e86aa7a011b05d"
  
  mkdirp@0.5.1:
    version "0.5.1"
    resolved "https://registry.yarnpkg.com/mkdirp/-/mkdirp-0.5.1.tgz#30057438eac6cf7f8c4767f38648d6697d75c903"
    dependencies:
      minimist "0.0.8"
  
  sorted-object@2.0.1:
    version "2.0.1"
    resolved "https://registry.yarnpkg.com/sorted-object/-/sorted-object-2.0.1.tgz#7d631f4bd3a798a24af1dffcfbfe83337a5df5fc"

Trace: 
  SyntaxError: /Users/gabrielrojas-westall/Documents/GitHub/nuworldcup-react/package.json: Unexpected token } in JSON at position 252
      at JSON.parse (<anonymous>)
      at /usr/local/Cellar/yarn/0.27.5_1/libexec/lib/yarn-cli.js:747:57
      at Generator.next (<anonymous>)
      at step (/usr/local/Cellar/yarn/0.27.5_1/libexec/lib/yarn-cli.js:91:30)
      at /usr/local/Cellar/yarn/0.27.5_1/libexec/lib/yarn-cli.js:102:13
      at <anonymous>
